app/build/intermediates/manifest_merge_blame_file/debug/manifest-merger-blame-debug-report.txt
1<?xml version="1.0" encoding="utf-8"?>
2<manifest xmlns:android="http://schemas.android.com/apk/res/android"
3    package="com.agvahealthcare.ventilator_ext"
4    android:versionCode="1"
5    android:versionName="1.0" >
6
7    <uses-sdk
8        android:minSdkVersion="26"
8-->src\main\AndroidManifest.xml
9        android:targetSdkVersion="33" />
9-->src\main\AndroidManifest.xml
10
11    <uses-permission android:name="android.permission.INTERNET" />
11-->src\main\AndroidManifest.xml:5:5-66
11-->src\main\AndroidManifest.xml:5:22-64
12    <uses-permission android:name="android.permission.ACCESS_NETWORK_STATE" />
12-->src\main\AndroidManifest.xml:6:5-79
12-->src\main\AndroidManifest.xml:6:22-76
13    <uses-permission android:name="android.permission.READ_EXTERNAL_STORAGE" />
13-->src\main\AndroidManifest.xml:7:5-80
13-->src\main\AndroidManifest.xml:7:22-77
14    <uses-permission android:name="android.permission.WRITE_EXTERNAL_STORAGE" />
14-->src\main\AndroidManifest.xml:8:5-81
14-->src\main\AndroidManifest.xml:8:22-78
15
16    <permission
16-->[androidx.core:core:1.10.0] AndroidManifest.xml:22:5-24:47
17        android:name="com.agvahealthcare.ventilator_ext.DYNAMIC_RECEIVER_NOT_EXPORTED_PERMISSION"
17-->[androidx.core:core:1.10.0] AndroidManifest.xml:23:9-81
18        android:protectionLevel="signature" />
18-->[androidx.core:core:1.10.0] AndroidManifest.xml:24:9-44
19
20    <uses-permission android:name="com.agvahealthcare.ventilator_ext.DYNAMIC_RECEIVER_NOT_EXPORTED_PERMISSION" /> <!-- Permission will be merged into the manifest of the hosting app. -->
20-->[androidx.core:core:1.10.0] AndroidManifest.xml:26:5-97
20-->[androidx.core:core:1.10.0] AndroidManifest.xml:26:22-94
21    <!-- Is required to launch foreground extraction service for targetSdkVersion 28+. -->
22    <uses-permission android:name="android.permission.FOREGROUND_SERVICE" />
22-->[com.google.android.play:core:1.10.3] AndroidManifest.xml:13:5-77
22-->[com.google.android.play:core:1.10.3] AndroidManifest.xml:13:22-74
23
24    <application
24-->src\main\AndroidManifest.xml:9:5-79:19
25        android:name="com.agvahealthcare.ventilator_ext.Sedation_App"
25-->src\main\AndroidManifest.xml:10:9-37
26        android:allowBackup="true"
26-->src\main\AndroidManifest.xml:11:9-35
27        android:appComponentFactory="androidx.core.app.CoreComponentFactory"
27-->[androidx.core:core:1.10.0] AndroidManifest.xml:28:18-86
28        android:dataExtractionRules="@xml/data_extraction_rules"
28-->src\main\AndroidManifest.xml:12:9-65
29        android:debuggable="true"
30        android:extractNativeLibs="false"
31        android:fullBackupContent="@xml/backup_rules"
31-->src\main\AndroidManifest.xml:13:9-54
32        android:icon="@mipmap/ic_launcher"
32-->src\main\AndroidManifest.xml:14:9-43
33        android:label="@string/app_name"
33-->src\main\AndroidManifest.xml:15:9-41
34        android:roundIcon="@mipmap/ic_launcher_round"
34-->src\main\AndroidManifest.xml:16:9-54
35        android:supportsRtl="true"
35-->src\main\AndroidManifest.xml:17:9-35
36        android:testOnly="true"
37        android:theme="@style/Theme.Sedation_System_Ext" >
37-->src\main\AndroidManifest.xml:18:9-57
38        <activity
38-->src\main\AndroidManifest.xml:21:9-29:20
39            android:name="com.agvahealthcare.ventilator_ext.presentation.ui.activities.StandByActivity"
39-->src\main\AndroidManifest.xml:22:13-71
40            android:exported="false"
40-->src\main\AndroidManifest.xml:23:13-37
41            android:screenOrientation="landscape"
41-->src\main\AndroidManifest.xml:24:13-50
42            android:windowSoftInputMode="adjustResize" >
42-->src\main\AndroidManifest.xml:25:13-55
43            <meta-data
43-->src\main\AndroidManifest.xml:26:13-28:36
44                android:name="android.app.lib_name"
44-->src\main\AndroidManifest.xml:27:17-52
45                android:value="" />
45-->src\main\AndroidManifest.xml:28:17-33
46        </activity>
47        <activity
47-->src\main\AndroidManifest.xml:31:9-39:20
48            android:name="com.agvahealthcare.ventilator_ext.presentation.ui.activities.ShutdownActivity"
48-->src\main\AndroidManifest.xml:32:13-72
49            android:exported="false"
49-->src\main\AndroidManifest.xml:33:13-37
50            android:screenOrientation="landscape"
50-->src\main\AndroidManifest.xml:34:13-50
51            android:windowSoftInputMode="adjustResize" >
51-->src\main\AndroidManifest.xml:35:13-55
52            <meta-data
52-->src\main\AndroidManifest.xml:26:13-28:36
53                android:name="android.app.lib_name"
53-->src\main\AndroidManifest.xml:27:17-52
54                android:value="" />
54-->src\main\AndroidManifest.xml:28:17-33
55        </activity>
56        <activity
56-->src\main\AndroidManifest.xml:41:9-49:20
57            android:name="com.agvahealthcare.ventilator_ext.presentation.ui.activities.MainActivity"
57-->src\main\AndroidManifest.xml:42:13-68
58            android:exported="false"
58-->src\main\AndroidManifest.xml:43:13-37
59            android:screenOrientation="landscape"
59-->src\main\AndroidManifest.xml:44:13-50
60            android:windowSoftInputMode="adjustResize" >
60-->src\main\AndroidManifest.xml:45:13-55
61            <meta-data
61-->src\main\AndroidManifest.xml:26:13-28:36
62                android:name="android.app.lib_name"
62-->src\main\AndroidManifest.xml:27:17-52
63                android:value="" />
63-->src\main\AndroidManifest.xml:28:17-33
64        </activity>
65        <activity
65-->src\main\AndroidManifest.xml:51:9-67:20
66            android:name="com.agvahealthcare.ventilator_ext.presentation.ui.activities.SplashActivity"
66-->src\main\AndroidManifest.xml:52:13-70
67            android:exported="true"
67-->src\main\AndroidManifest.xml:53:13-36
68            android:screenOrientation="landscape"
68-->src\main\AndroidManifest.xml:54:13-50
69            android:windowSoftInputMode="adjustResize" >
69-->src\main\AndroidManifest.xml:55:13-55
70            <intent-filter>
70-->src\main\AndroidManifest.xml:56:13-59:29
71                <action android:name="android.intent.action.MAIN" />
71-->src\main\AndroidManifest.xml:57:17-69
71-->src\main\AndroidManifest.xml:57:25-66
72
73                <category android:name="android.intent.category.LAUNCHER" />
73-->src\main\AndroidManifest.xml:58:17-77
73-->src\main\AndroidManifest.xml:58:27-74
74            </intent-filter>
75            <intent-filter>
75-->src\main\AndroidManifest.xml:60:13-62:29
76                <action android:name="android.hardware.usb.action.USB_DEVICE_ATTACHED" />
76-->src\main\AndroidManifest.xml:61:17-90
76-->src\main\AndroidManifest.xml:61:25-87
77            </intent-filter>
78
79            <meta-data
79-->src\main\AndroidManifest.xml:26:13-28:36
80                android:name="android.app.lib_name"
80-->src\main\AndroidManifest.xml:27:17-52
81                android:value="" />
81-->src\main\AndroidManifest.xml:28:17-33
82        </activity>
83
84        <service
84-->src\main\AndroidManifest.xml:69:9-72:38
85            android:name="com.agvahealthcare.ventilator_ext.domain.support.service.UsbService"
85-->src\main\AndroidManifest.xml:70:13-95
86            android:enabled="true"
86-->src\main\AndroidManifest.xml:71:13-35
87            android:exported="true" />
87-->src\main\AndroidManifest.xml:72:13-36
88        <service
88-->src\main\AndroidManifest.xml:74:9-77:38
89            android:name="com.agvahealthcare.ventilator_ext.domain.support.service.CommunicationService"
89-->src\main\AndroidManifest.xml:75:13-105
90            android:enabled="true"
90-->src\main\AndroidManifest.xml:76:13-35
91            android:exported="true" />
91-->src\main\AndroidManifest.xml:77:13-36
92
93        <provider
93-->[androidx.emoji2:emoji2:1.2.0] AndroidManifest.xml:24:9-32:20
94            android:name="androidx.startup.InitializationProvider"
94-->[androidx.emoji2:emoji2:1.2.0] AndroidManifest.xml:25:13-67
95            android:authorities="com.agvahealthcare.ventilator_ext.androidx-startup"
95-->[androidx.emoji2:emoji2:1.2.0] AndroidManifest.xml:26:13-68
96            android:exported="false" >
96-->[androidx.emoji2:emoji2:1.2.0] AndroidManifest.xml:27:13-37
97            <meta-data
97-->[androidx.emoji2:emoji2:1.2.0] AndroidManifest.xml:29:13-31:52
98                android:name="androidx.emoji2.text.EmojiCompatInitializer"
98-->[androidx.emoji2:emoji2:1.2.0] AndroidManifest.xml:30:17-75
99                android:value="androidx.startup" />
99-->[androidx.emoji2:emoji2:1.2.0] AndroidManifest.xml:31:17-49
100            <meta-data
100-->[androidx.lifecycle:lifecycle-process:2.6.1] AndroidManifest.xml:29:13-31:52
101                android:name="androidx.lifecycle.ProcessLifecycleInitializer"
101-->[androidx.lifecycle:lifecycle-process:2.6.1] AndroidManifest.xml:30:17-78
102                android:value="androidx.startup" />
102-->[androidx.lifecycle:lifecycle-process:2.6.1] AndroidManifest.xml:31:17-49
103            <meta-data
103-->[androidx.profileinstaller:profileinstaller:1.3.0] AndroidManifest.xml:29:13-31:52
104                android:name="androidx.profileinstaller.ProfileInstallerInitializer"
104-->[androidx.profileinstaller:profileinstaller:1.3.0] AndroidManifest.xml:30:17-85
105                android:value="androidx.startup" />
105-->[androidx.profileinstaller:profileinstaller:1.3.0] AndroidManifest.xml:31:17-49
106        </provider>
107
108        <uses-library
108-->[androidx.window:window:1.0.0] AndroidManifest.xml:25:9-27:40
109            android:name="androidx.window.extensions"
109-->[androidx.window:window:1.0.0] AndroidManifest.xml:26:13-54
110            android:required="false" />
110-->[androidx.window:window:1.0.0] AndroidManifest.xml:27:13-37
111        <uses-library
111-->[androidx.window:window:1.0.0] AndroidManifest.xml:28:9-30:40
112            android:name="androidx.window.sidecar"
112-->[androidx.window:window:1.0.0] AndroidManifest.xml:29:13-51
113            android:required="false" />
113-->[androidx.window:window:1.0.0] AndroidManifest.xml:30:13-37
114
115        <service
115-->[androidx.room:room-runtime:2.5.1] AndroidManifest.xml:24:9-28:63
116            android:name="androidx.room.MultiInstanceInvalidationService"
116-->[androidx.room:room-runtime:2.5.1] AndroidManifest.xml:25:13-74
117            android:directBootAware="true"
117-->[androidx.room:room-runtime:2.5.1] AndroidManifest.xml:26:13-43
118            android:exported="false" />
118-->[androidx.room:room-runtime:2.5.1] AndroidManifest.xml:27:13-37
119
120        <receiver
120-->[androidx.profileinstaller:profileinstaller:1.3.0] AndroidManifest.xml:34:9-52:20
121            android:name="androidx.profileinstaller.ProfileInstallReceiver"
121-->[androidx.profileinstaller:profileinstaller:1.3.0] AndroidManifest.xml:35:13-76
122            android:directBootAware="false"
122-->[androidx.profileinstaller:profileinstaller:1.3.0] AndroidManifest.xml:36:13-44
123            android:enabled="true"
123-->[androidx.profileinstaller:profileinstaller:1.3.0] AndroidManifest.xml:37:13-35
124            android:exported="true"
124-->[androidx.profileinstaller:profileinstaller:1.3.0] AndroidManifest.xml:38:13-36
125            android:permission="android.permission.DUMP" >
125-->[androidx.profileinstaller:profileinstaller:1.3.0] AndroidManifest.xml:39:13-57
126            <intent-filter>
126-->[androidx.profileinstaller:profileinstaller:1.3.0] AndroidManifest.xml:40:13-42:29
127                <action android:name="androidx.profileinstaller.action.INSTALL_PROFILE" />
127-->[androidx.profileinstaller:profileinstaller:1.3.0] AndroidManifest.xml:41:17-91
127-->[androidx.profileinstaller:profileinstaller:1.3.0] AndroidManifest.xml:41:25-88
128            </intent-filter>
129            <intent-filter>
129-->[androidx.profileinstaller:profileinstaller:1.3.0] AndroidManifest.xml:43:13-45:29
130                <action android:name="androidx.profileinstaller.action.SKIP_FILE" />
130-->[androidx.profileinstaller:profileinstaller:1.3.0] AndroidManifest.xml:44:17-85
130-->[androidx.profileinstaller:profileinstaller:1.3.0] AndroidManifest.xml:44:25-82
131            </intent-filter>
132            <intent-filter>
132-->[androidx.profileinstaller:profileinstaller:1.3.0] AndroidManifest.xml:46:13-48:29
133                <action android:name="androidx.profileinstaller.action.SAVE_PROFILE" />
133-->[androidx.profileinstaller:profileinstaller:1.3.0] AndroidManifest.xml:47:17-88
133-->[androidx.profileinstaller:profileinstaller:1.3.0] AndroidManifest.xml:47:25-85
134            </intent-filter>
135            <intent-filter>
135-->[androidx.profileinstaller:profileinstaller:1.3.0] AndroidManifest.xml:49:13-51:29
136                <action android:name="androidx.profileinstaller.action.BENCHMARK_OPERATION" />
136-->[androidx.profileinstaller:profileinstaller:1.3.0] AndroidManifest.xml:50:17-95
136-->[androidx.profileinstaller:profileinstaller:1.3.0] AndroidManifest.xml:50:25-92
137            </intent-filter>
138        </receiver> <!-- The activities will be merged into the manifest of the hosting app. -->
139        <activity
139-->[com.google.android.play:core:1.10.3] AndroidManifest.xml:18:9-24:45
140            android:name="com.google.android.play.core.missingsplits.PlayCoreMissingSplitsActivity"
140-->[com.google.android.play:core:1.10.3] AndroidManifest.xml:19:13-100
141            android:enabled="false"
141-->[com.google.android.play:core:1.10.3] AndroidManifest.xml:20:13-36
142            android:exported="false"
142-->[com.google.android.play:core:1.10.3] AndroidManifest.xml:21:13-37
143            android:launchMode="singleInstance"
143-->[com.google.android.play:core:1.10.3] AndroidManifest.xml:22:13-48
144            android:process=":playcore_missing_splits_activity"
144-->[com.google.android.play:core:1.10.3] AndroidManifest.xml:23:13-64
145            android:stateNotNeeded="true" />
145-->[com.google.android.play:core:1.10.3] AndroidManifest.xml:24:13-42
146        <activity
146-->[com.google.android.play:core:1.10.3] AndroidManifest.xml:25:9-29:65
147            android:name="com.google.android.play.core.common.PlayCoreDialogWrapperActivity"
147-->[com.google.android.play:core:1.10.3] AndroidManifest.xml:26:13-93
148            android:exported="false"
148-->[com.google.android.play:core:1.10.3] AndroidManifest.xml:27:13-37
149            android:stateNotNeeded="true"
149-->[com.google.android.play:core:1.10.3] AndroidManifest.xml:28:13-42
150            android:theme="@style/Theme.PlayCore.Transparent" /> <!-- The services will be merged into the manifest of the hosting app. -->
150-->[com.google.android.play:core:1.10.3] AndroidManifest.xml:29:13-62
151        <service
151-->[com.google.android.play:core:1.10.3] AndroidManifest.xml:32:9-39:19
152            android:name="com.google.android.play.core.assetpacks.AssetPackExtractionService"
152-->[com.google.android.play:core:1.10.3] AndroidManifest.xml:33:13-94
153            android:enabled="false"
153-->[com.google.android.play:core:1.10.3] AndroidManifest.xml:34:13-36
154            android:exported="true" >
154-->[com.google.android.play:core:1.10.3] AndroidManifest.xml:35:13-36
155            <meta-data
155-->[com.google.android.play:core:1.10.3] AndroidManifest.xml:36:13-38:41
156                android:name="com.google.android.play.core.assetpacks.versionCode"
156-->[com.google.android.play:core:1.10.3] AndroidManifest.xml:37:17-83
157                android:value="11003" />
157-->[com.google.android.play:core:1.10.3] AndroidManifest.xml:38:17-38
158        </service>
159        <service
159-->[com.google.android.play:core:1.10.3] AndroidManifest.xml:40:9-43:40
160            android:name="com.google.android.play.core.assetpacks.ExtractionForegroundService"
160-->[com.google.android.play:core:1.10.3] AndroidManifest.xml:41:13-95
161            android:enabled="false"
161-->[com.google.android.play:core:1.10.3] AndroidManifest.xml:42:13-36
162            android:exported="false" />
162-->[com.google.android.play:core:1.10.3] AndroidManifest.xml:43:13-37
163    </application>
164
165</manifest>